Arguments: 
  /usr/bin/node /usr/share/yarn/bin/yarn.js add -D gh-pages

PATH: 
  /usr/local/sbin:/usr/local/bin:/usr/sbin:/usr/bin:/sbin:/bin:/snap/bin

Yarn version: 
  1.21.1

Node version: 
  10.16.3

Platform: 
  linux x64

Trace: 
  SyntaxError: /home/vagrant/shared/Calculator-React/package.json: Unexpected string in JSON at position 158
      at JSON.parse (<anonymous>)
      at /usr/share/yarn/lib/cli.js:1625:59
      at Generator.next (<anonymous>)
      at step (/usr/share/yarn/lib/cli.js:310:30)
      at /usr/share/yarn/lib/cli.js:321:13

npm manifest: 
  {
    "name": "0-webpack",
    "version": "1.0.0",
    "main": "src/index.js",
    "license": "MIT",
    "homepage": "http://billhong6981.github.io/Calculator-React"
    "dependencies": {
      "html-webpack-plugin": "^2.30.1",
      "jquery": "^3.4.1",
      "react": "^15.6.2",
      "react-dom": "^15.6.2",
      "react-redux": "^5.1.2",
      "redux": "^3.7.2",
      "redux-logger": "^2.8.2",
      "redux-thunk": "^2.2.0",
      "node-sass": "^4.5.0",
      "webpack": "^3.12.0",
      "webpack-cli": "^3.3.10"
    },
    "scripts": {
      "build": "webpack --config webpack.config.js",
      "start": "webpack-dev-server --host 0.0.0.0 --port 5000"
    },
    "devDependencies": {
      "babel-core": "^6.26.3",
      "babel-loader": "^7.1.5",
      "babel-preset-es2015": "^6.24.1",
      "babel-preset-react": "^6.24.1",
      "webpack-dev-server": "^2.11.5"
    }
  }

yarn manifest: 
  No manifest

Lockfile: 
  No lockfile
